SF:lib/src/accu_weather_api_client.dart
DA:18,1
DA:19,1
DA:25,1
DA:26,1
DA:31,3
DA:33,2
DA:34,0
DA:37,1
DA:38,1
DA:41,1
DA:42,1
DA:45,0
DA:48,0
DA:52,0
DA:54,0
DA:58,0
DA:60,0
DA:61,0
DA:64,0
DA:66,0
DA:67,0
DA:70,0
DA:71,0
DA:74,0
LF:24
LH:10
end_of_record
SF:lib/src/models/location.dart
DA:7,0
DA:41,1
DA:42,1
DA:47,0
DA:57,0
DA:62,0
DA:72,0
DA:73,0
DA:78,0
DA:96,0
DA:97,0
DA:102,0
DA:116,0
DA:117,0
DA:122,0
DA:132,0
DA:133,0
DA:138,0
DA:146,0
DA:147,0
DA:152,0
DA:162,0
DA:167,0
DA:177,0
DA:178,0
LF:25
LH:2
end_of_record
SF:lib/src/models/location.g.dart
DA:11,2
DA:14,1
DA:15,0
DA:16,2
DA:17,2
DA:18,0
DA:19,0
DA:20,0
DA:21,0
DA:23,0
DA:24,0
DA:25,0
DA:26,0
DA:27,0
DA:28,0
DA:29,0
DA:30,0
DA:31,0
DA:32,0
DA:33,0
DA:34,0
DA:35,0
DA:36,0
DA:37,0
DA:38,0
DA:61,0
DA:64,0
DA:65,0
DA:66,0
DA:67,0
DA:68,0
DA:79,0
DA:82,0
DA:83,0
DA:84,0
DA:85,0
DA:86,0
DA:97,0
DA:98,0
DA:101,0
DA:102,0
DA:103,0
DA:104,0
DA:105,0
DA:106,0
DA:107,0
DA:108,0
DA:109,0
DA:124,0
DA:127,0
DA:128,0
DA:129,0
DA:130,0
DA:131,0
DA:133,0
DA:135,0
DA:148,0
DA:151,0
DA:152,0
DA:153,0
DA:154,0
DA:155,0
DA:156,0
DA:167,0
DA:170,0
DA:171,0
DA:172,0
DA:173,0
DA:174,0
DA:175,0
DA:182,0
DA:185,0
DA:186,0
DA:187,0
DA:188,0
DA:189,0
DA:200,0
DA:203,0
DA:204,0
DA:205,0
DA:206,0
DA:207,0
LF:82
LH:4
end_of_record
SF:lib/src/models/weather.dart
DA:7,0
DA:31,1
DA:32,1
DA:37,0
DA:39,0
DA:40,0
DA:45,0
DA:53,0
DA:54,0
DA:59,0
DA:69,0
DA:70,0
DA:75,0
DA:85,0
DA:86,0
LF:15
LH:2
end_of_record
SF:lib/src/models/weather.g.dart
DA:11,2
DA:14,1
DA:15,0
DA:17,2
DA:18,0
DA:19,0
DA:20,0
DA:22,0
DA:23,0
DA:25,0
DA:27,0
DA:28,0
DA:29,0
DA:30,0
DA:31,0
DA:32,0
DA:50,0
DA:51,0
DA:54,0
DA:55,0
DA:60,0
DA:63,0
DA:64,0
DA:65,0
DA:66,0
DA:67,0
DA:68,0
DA:75,0
DA:76,0
DA:79,0
DA:80,0
DA:81,0
DA:82,0
DA:83,0
DA:94,0
DA:95,0
DA:98,0
DA:99,0
DA:100,0
DA:101,0
DA:102,0
LF:41
LH:3
end_of_record
